<?xml version="1.0" encoding="UTF-8"?>
<!-- Generated by org.testng.reporters.JUnitReportReporter -->
<testsuite skipped="0" hostname="INAS-LP024" name="com.qa.tests.test2" tests="1" failures="0" timestamp="24 Sep 2018 05:59:59 GMT" time="0.001" errors="0">
  <testcase name="sum" time="0.001" classname="com.qa.tests.test2"/>
</testsuite> <!-- com.qa.tests.test2 -->
