<?xml version="1.0" encoding="UTF-8"?>
<!-- Generated by org.testng.reporters.JUnitReportReporter -->
<testsuite skipped="0" hostname="INAS-LP024" name="com.qa.tests.launchbrowsers" tests="2" failures="0" timestamp="25 Sep 2018 08:03:15 GMT" time="16.351" errors="0">
  <testcase name="firefoxbrowser" time="10.286" classname="com.qa.tests.launchbrowsers"/>
  <testcase name="iebowser" time="6.065" classname="com.qa.tests.launchbrowsers"/>
</testsuite> <!-- com.qa.tests.launchbrowsers -->
