<?xml version="1.0" encoding="UTF-8"?>
<!-- Generated by org.testng.reporters.JUnitReportReporter -->
<testsuite skipped="0" hostname="INAS-LP024" name="com.qa.tests.test1" tests="2" failures="0" timestamp="24 Sep 2018 07:58:01 GMT" time="0.004" errors="0">
  <testcase name="sum" time="0.000" classname="com.qa.tests.test1"/>
  <testcase name="minus" time="0.004" classname="com.qa.tests.test1"/>
</testsuite> <!-- com.qa.tests.test1 -->
