<?xml version="1.0" encoding="UTF-8"?>
<!-- Generated by org.testng.reporters.JUnitReportReporter -->
<testsuite skipped="0" hostname="INAS-LP024" name="com.qa.tests.launchbrowsers" tests="1" failures="0" timestamp="24 Sep 2018 05:59:59 GMT" time="3.410" errors="0">
  <testcase name="setup" time="3.410" classname="com.qa.tests.launchbrowsers"/>
</testsuite> <!-- com.qa.tests.launchbrowsers -->
